<?xml version="1.0" encoding="UTF-8"?>
<!-- Generated by org.testng.reporters.JUnitReportReporter -->
<testsuite skipped="0" hostname="Shivansh-PC" name="testcases.FindBrokenLinksTestCase" tests="1" failures="0" timestamp="13 Jan 2023 02:41:32 GMT" time="26.070" errors="0">
  <testcase name="brokenLinks" time="26.070" classname="testcases.FindBrokenLinksTestCase"/>
</testsuite> <!-- testcases.FindBrokenLinksTestCase -->
